<?xml version="1.0" encoding="UTF-8"?>
<testsuite xmlns:xsi="http://www.w3.org/2001/XMLSchema-instance" xsi:noNamespaceSchemaLocation="https://maven.apache.org/surefire/maven-surefire-plugin/xsd/surefire-test-report.xsd" name="TestDemo" time="1.088" tests="3" errors="0" skipped="0" failures="0">
  <properties>
    <property name="sun.desktop" value="windows"/>
    <property name="awt.toolkit" value="sun.awt.windows.WToolkit"/>
    <property name="file.encoding.pkg" value="sun.io"/>
    <property name="java.specification.version" value="1.8"/>
    <property name="sun.cpu.isalist" value="amd64"/>
    <property name="sun.jnu.encoding" value="GBK"/>
    <property name="java.class.path" value="D:\project\java\testngalluredemo\target\test-classes;D:\project\java\testngalluredemo\target\classes;D:\m2Repository\io\qameta\allure\allure-testng\2.14.0\allure-testng-2.14.0.jar;D:\m2Repository\io\qameta\allure\allure-java-commons\2.14.0\allure-java-commons-2.14.0.jar;D:\m2Repository\org\slf4j\slf4j-api\1.7.30\slf4j-api-1.7.30.jar;D:\m2Repository\io\qameta\allure\allure-model\2.14.0\allure-model-2.14.0.jar;D:\m2Repository\com\fasterxml\jackson\core\jackson-databind\2.12.3\jackson-databind-2.12.3.jar;D:\m2Repository\com\fasterxml\jackson\core\jackson-annotations\2.12.3\jackson-annotations-2.12.3.jar;D:\m2Repository\com\fasterxml\jackson\core\jackson-core\2.12.3\jackson-core-2.12.3.jar;D:\m2Repository\org\apache\tika\tika-core\1.26\tika-core-1.26.jar;D:\m2Repository\org\jooq\joor-java-8\0.9.14\joor-java-8-0.9.14.jar;D:\m2Repository\org\testng\testng\6.14.3\testng-6.14.3.jar;D:\m2Repository\com\beust\jcommander\1.72\jcommander-1.72.jar;D:\m2Repository\org\apache-extras\beanshell\bsh\2.0b6\bsh-2.0b6.jar;D:\m2Repository\io\qameta\allure\allure-test-filter\2.14.0\allure-test-filter-2.14.0.jar;"/>
    <property name="java.vm.vendor" value="Oracle Corporation"/>
    <property name="sun.arch.data.model" value="64"/>
    <property name="user.variant" value=""/>
    <property name="java.vendor.url" value="http://java.oracle.com/"/>
    <property name="user.timezone" value="Asia/Shanghai"/>
    <property name="java.vm.specification.version" value="1.8"/>
    <property name="os.name" value="Windows 10"/>
    <property name="user.country" value="CN"/>
    <property name="sun.java.launcher" value="SUN_STANDARD"/>
    <property name="sun.boot.library.path" value="D:\installSoftware\java\jre\bin"/>
    <property name="sun.java.command" value="C:\Users\86139\AppData\Local\Temp\surefire4917020253273251304\surefirebooter4944360053301294927.jar C:\Users\86139\AppData\Local\Temp\surefire4917020253273251304 2021-09-06T14-27-55_560-jvmRun1 surefire1910418955810333694tmp surefire_02606591130788648803tmp"/>
    <property name="surefire.test.class.path" value="D:\project\java\testngalluredemo\target\test-classes;D:\project\java\testngalluredemo\target\classes;D:\m2Repository\io\qameta\allure\allure-testng\2.14.0\allure-testng-2.14.0.jar;D:\m2Repository\io\qameta\allure\allure-java-commons\2.14.0\allure-java-commons-2.14.0.jar;D:\m2Repository\org\slf4j\slf4j-api\1.7.30\slf4j-api-1.7.30.jar;D:\m2Repository\io\qameta\allure\allure-model\2.14.0\allure-model-2.14.0.jar;D:\m2Repository\com\fasterxml\jackson\core\jackson-databind\2.12.3\jackson-databind-2.12.3.jar;D:\m2Repository\com\fasterxml\jackson\core\jackson-annotations\2.12.3\jackson-annotations-2.12.3.jar;D:\m2Repository\com\fasterxml\jackson\core\jackson-core\2.12.3\jackson-core-2.12.3.jar;D:\m2Repository\org\apache\tika\tika-core\1.26\tika-core-1.26.jar;D:\m2Repository\org\jooq\joor-java-8\0.9.14\joor-java-8-0.9.14.jar;D:\m2Repository\org\testng\testng\6.14.3\testng-6.14.3.jar;D:\m2Repository\com\beust\jcommander\1.72\jcommander-1.72.jar;D:\m2Repository\org\apache-extras\beanshell\bsh\2.0b6\bsh-2.0b6.jar;D:\m2Repository\io\qameta\allure\allure-test-filter\2.14.0\allure-test-filter-2.14.0.jar;"/>
    <property name="sun.cpu.endian" value="little"/>
    <property name="user.home" value="C:\Users\86139"/>
    <property name="user.language" value="zh"/>
    <property name="java.specification.vendor" value="Oracle Corporation"/>
    <property name="java.home" value="D:\installSoftware\java\jre"/>
    <property name="basedir" value="D:\project\java\testngalluredemo"/>
    <property name="file.separator" value="\"/>
    <property name="line.separator" value="&#10;"/>
    <property name="java.vm.specification.vendor" value="Oracle Corporation"/>
    <property name="java.specification.name" value="Java Platform API Specification"/>
    <property name="java.awt.graphicsenv" value="sun.awt.Win32GraphicsEnvironment"/>
    <property name="surefire.real.class.path" value="C:\Users\86139\AppData\Local\Temp\surefire4917020253273251304\surefirebooter4944360053301294927.jar;D:\m2Repository/org/aspectj/aspectjweaver/1.8.10/aspectjweaver-1.8.10.jar"/>
    <property name="sun.boot.class.path" value="D:\installSoftware\java\jre\lib\resources.jar;D:\installSoftware\java\jre\lib\rt.jar;D:\installSoftware\java\jre\lib\sunrsasign.jar;D:\installSoftware\java\jre\lib\jsse.jar;D:\installSoftware\java\jre\lib\jce.jar;D:\installSoftware\java\jre\lib\charsets.jar;D:\installSoftware\java\jre\lib\jfr.jar;D:\installSoftware\java\jre\classes"/>
    <property name="user.script" value=""/>
    <property name="sun.management.compiler" value="HotSpot 64-Bit Tiered Compilers"/>
    <property name="java.runtime.version" value="1.8.0_202-b08"/>
    <property name="user.name" value="86139"/>
    <property name="path.separator" value=";"/>
    <property name="os.version" value="10.0"/>
    <property name="java.endorsed.dirs" value="D:\installSoftware\java\jre\lib\endorsed"/>
    <property name="java.runtime.name" value="Java(TM) SE Runtime Environment"/>
    <property name="file.encoding" value="GBK"/>
    <property name="java.vm.name" value="Java HotSpot(TM) 64-Bit Server VM"/>
    <property name="localRepository" value="D:\m2Repository"/>
    <property name="java.vendor.url.bug" value="http://bugreport.sun.com/bugreport/"/>
    <property name="java.io.tmpdir" value="C:\Users\86139\AppData\Local\Temp\"/>
    <property name="java.version" value="1.8.0_202"/>
    <property name="user.dir" value="D:\project\java\testngalluredemo"/>
    <property name="os.arch" value="amd64"/>
    <property name="java.vm.specification.name" value="Java Virtual Machine Specification"/>
    <property name="java.awt.printerjob" value="sun.awt.windows.WPrinterJob"/>
    <property name="sun.os.patch.level" value=""/>
    <property name="java.library.path" value="D:\installSoftware\java\jre\bin;C:\windows\Sun\Java\bin;C:\windows\system32;C:\windows;C:\Program Files (x86)\Common Files\Oracle\Java\javapath;C:\windows\system32;C:\windows;C:\windows\System32\Wbem;C:\windows\System32\WindowsPowerShell\v1.0\;C:\windows\System32\OpenSSH\;&quot;;D:\installSoftware\java\bin;D:\installSoftware\java\jre\bin&quot;;C:\Program Files\Docker\Docker\resources\bin;C:\ProgramData\DockerDesktop\version-bin;D:\installSoftware\maven3.6\bin;D:\installSoftware\allure2.7\bin;D:\installSoftware\Git\cmd;D:\installSoftware\python3.7\Scripts\;D:\installSoftware\python3.7\;C:\Users\86139\AppData\Local\Microsoft\WindowsApps;;."/>
    <property name="java.vm.info" value="mixed mode"/>
    <property name="java.vendor" value="Oracle Corporation"/>
    <property name="java.vm.version" value="25.202-b08"/>
    <property name="java.ext.dirs" value="D:\installSoftware\java\jre\lib\ext;C:\windows\Sun\Java\lib\ext"/>
    <property name="sun.io.unicode.encoding" value="UnicodeLittle"/>
    <property name="java.class.version" value="52.0"/>
  </properties>
  <testcase name="f" classname="TestDemo" time="0.072"/>
  <testcase name="f1" classname="TestDemo" time="0"/>
  <testcase name="f2" classname="TestDemo" time="0"/>
</testsuite>