<?xml version="1.0" encoding="UTF-8"?>
<!-- Generated by org.testng.reporters.JUnitReportReporter -->
<testsuite skipped="0" hostname="DESKTOP-P40FRGU" name="TestDemo" tests="3" failures="0" timestamp="06 九月 2021 06:27:57 GMT" time="0.053" errors="0">
  <testcase name="f" time="0.043" classname="TestDemo"/>
  <testcase name="f2" time="0.000" classname="TestDemo"/>
  <testcase name="f1" time="0.010" classname="TestDemo"/>
</testsuite> <!-- TestDemo -->
